f:\test\idclibcplusplus\idclibcplusplus\debug\vc142.pdb
f:\test\idclibcplusplus\idclibcplusplus\debug\.netframework,version=v4.5.assemblyattributes.obj
f:\test\idclibcplusplus\idclibcplusplus\debug\.netframework,version=v4.5.assemblyattributes.asm
f:\test\idclibcplusplus\idclibcplusplus\debug\form1.obj
f:\test\idclibcplusplus\idclibcplusplus\debug\idclibcplusplus.form1.resources
f:\test\idclibcplusplus\debug\idclibcplusplus.exe
f:\test\idclibcplusplus\debug\idclibcplusplus.pdb
f:\test\idclibcplusplus\idclibcplusplus\debug\idclibcplusplus.vcxproj.generateresource.cache
f:\test\idclibcplusplus\idclibcplusplus\debug\idclibcplusplus.vcxprojassemblyreference.cache
f:\test\idclibcplusplus\idclibcplusplus\debug\idclibcplusplus.tlog\cl.command.1.tlog
f:\test\idclibcplusplus\idclibcplusplus\debug\idclibcplusplus.tlog\cl.read.1.tlog
f:\test\idclibcplusplus\idclibcplusplus\debug\idclibcplusplus.tlog\cl.write.1.tlog
f:\test\idclibcplusplus\idclibcplusplus\debug\idclibcplusplus.tlog\idclibcplusplus.write.1u.tlog
f:\test\idclibcplusplus\idclibcplusplus\debug\idclibcplusplus.tlog\link.13512.delete.1.tlog
f:\test\idclibcplusplus\idclibcplusplus\debug\idclibcplusplus.tlog\link.13924.delete.1.tlog
f:\test\idclibcplusplus\idclibcplusplus\debug\idclibcplusplus.tlog\link.14160.delete.1.tlog
f:\test\idclibcplusplus\idclibcplusplus\debug\idclibcplusplus.tlog\link.14748.delete.1.tlog
f:\test\idclibcplusplus\idclibcplusplus\debug\idclibcplusplus.tlog\link.1540.delete.1.tlog
f:\test\idclibcplusplus\idclibcplusplus\debug\idclibcplusplus.tlog\link.15748.delete.1.tlog
f:\test\idclibcplusplus\idclibcplusplus\debug\idclibcplusplus.tlog\link.16924.delete.1.tlog
f:\test\idclibcplusplus\idclibcplusplus\debug\idclibcplusplus.tlog\link.17120.delete.1.tlog
f:\test\idclibcplusplus\idclibcplusplus\debug\idclibcplusplus.tlog\link.17364.delete.1.tlog
f:\test\idclibcplusplus\idclibcplusplus\debug\idclibcplusplus.tlog\link.18316.delete.1.tlog
f:\test\idclibcplusplus\idclibcplusplus\debug\idclibcplusplus.tlog\link.18728.delete.1.tlog
f:\test\idclibcplusplus\idclibcplusplus\debug\idclibcplusplus.tlog\link.20168.delete.1.tlog
f:\test\idclibcplusplus\idclibcplusplus\debug\idclibcplusplus.tlog\link.21012.delete.1.tlog
f:\test\idclibcplusplus\idclibcplusplus\debug\idclibcplusplus.tlog\link.22144.delete.1.tlog
f:\test\idclibcplusplus\idclibcplusplus\debug\idclibcplusplus.tlog\link.22804.delete.1.tlog
f:\test\idclibcplusplus\idclibcplusplus\debug\idclibcplusplus.tlog\link.23520.delete.1.tlog
f:\test\idclibcplusplus\idclibcplusplus\debug\idclibcplusplus.tlog\link.23792.delete.1.tlog
f:\test\idclibcplusplus\idclibcplusplus\debug\idclibcplusplus.tlog\link.5260.delete.1.tlog
f:\test\idclibcplusplus\idclibcplusplus\debug\idclibcplusplus.tlog\link.7776.delete.1.tlog
f:\test\idclibcplusplus\idclibcplusplus\debug\idclibcplusplus.tlog\link.8352.delete.1.tlog
f:\test\idclibcplusplus\idclibcplusplus\debug\idclibcplusplus.tlog\link.9420.delete.1.tlog
f:\test\idclibcplusplus\idclibcplusplus\debug\idclibcplusplus.tlog\link.9804.delete.1.tlog
f:\test\idclibcplusplus\idclibcplusplus\debug\idclibcplusplus.tlog\link.command.1.tlog
f:\test\idclibcplusplus\idclibcplusplus\debug\idclibcplusplus.tlog\link.read.1.tlog
f:\test\idclibcplusplus\idclibcplusplus\debug\idclibcplusplus.tlog\link.write.1.tlog
f:\test\idclibcplusplus\idclibcplusplus\debug\idclibcplusplus.tlog\metagen.read.1.tlog
f:\test\idclibcplusplus\idclibcplusplus\debug\idclibcplusplus.tlog\metagen.write.1.tlog
